  Camera.cpp
d:\github\gameintro\newtemplate\newtemplate\camera.h(4): fatal error C1083: Cannot open include file: 'd3dx9.h': No such file or directory
  Debug.cpp
d:\github\gameintro\newtemplate\newtemplate\debug.cpp(11): error C2664: 'void OutputDebugStringA(LPCSTR)': cannot convert argument 1 from 'wchar_t [4096]' to 'LPCSTR'
  d:\github\gameintro\newtemplate\newtemplate\debug.cpp(11): note: Types pointed to are unrelated; conversion requires reinterpret_cast, C-style cast or function-style cast
  Game.cpp
d:\github\gameintro\newtemplate\newtemplate\game.h(4): fatal error C1083: Cannot open include file: 'd3dx9.h': No such file or directory
  Graphics.cpp
d:\github\gameintro\newtemplate\newtemplate\graphics.cpp(53): error C2440: '=': cannot convert from 'LPCWSTR' to 'LPCSTR'
  d:\github\gameintro\newtemplate\newtemplate\graphics.cpp(53): note: Types pointed to are unrelated; conversion requires reinterpret_cast, C-style cast or function-style cast
d:\github\gameintro\newtemplate\newtemplate\graphics.cpp(59): error C2664: 'HWND CreateWindowExA(DWORD,LPCSTR,LPCSTR,DWORD,int,int,int,int,HWND,HMENU,HINSTANCE,LPVOID)': cannot convert argument 2 from 'LPCWSTR' to 'LPCSTR'
  d:\github\gameintro\newtemplate\newtemplate\graphics.cpp(70): note: Types pointed to are unrelated; conversion requires reinterpret_cast, C-style cast or function-style cast
d:\github\gameintro\newtemplate\newtemplate\graphics.cpp(74): error C2664: 'void OutputDebugStringA(LPCSTR)': cannot convert argument 1 from 'const wchar_t [28]' to 'LPCSTR'
  d:\github\gameintro\newtemplate\newtemplate\graphics.cpp(74): note: Types pointed to are unrelated; conversion requires reinterpret_cast, C-style cast or function-style cast
  Input.cpp
  c:\program files (x86)\windows kits\10\include\10.0.17763.0\um\dinput.h: DIRECTINPUT_VERSION undefined. Defaulting to version 0x0800
  Main.cpp
d:\github\gameintro\newtemplate\newtemplate\game.h(4): fatal error C1083: Cannot open include file: 'd3dx9.h': No such file or directory
  Object.cpp
d:\github\gameintro\newtemplate\newtemplate\object.h(2): fatal error C1083: Cannot open include file: 'd3dx9.h': No such file or directory
  ProcessGame.cpp
d:\github\gameintro\newtemplate\newtemplate\game.h(4): fatal error C1083: Cannot open include file: 'd3dx9.h': No such file or directory
  Sprite.cpp
d:\github\gameintro\newtemplate\newtemplate\sprite.h(3): fatal error C1083: Cannot open include file: 'd3dx9.h': No such file or directory
  Stage.cpp
  Texture.cpp
d:\github\gameintro\newtemplate\newtemplate\texture.h(3): fatal error C1083: Cannot open include file: 'd3dx9.h': No such file or directory
  trace.cpp
  World.cpp
d:\github\gameintro\newtemplate\newtemplate\world.h(3): fatal error C1083: Cannot open include file: 'd3dx9.h': No such file or directory
  Generating Code...
