c:\users\16521\desktop\nmgame\newtemplate\newtemplate\debug\vc141.pdb
c:\users\16521\desktop\nmgame\newtemplate\newtemplate\debug\vc141.idb
c:\users\16521\desktop\nmgame\newtemplate\newtemplate\debug\input.obj
c:\users\16521\desktop\nmgame\newtemplate\newtemplate\debug\hud.obj
c:\users\16521\desktop\nmgame\newtemplate\newtemplate\debug\hideobject.obj
c:\users\16521\desktop\nmgame\newtemplate\newtemplate\debug\grid.obj
c:\users\16521\desktop\nmgame\newtemplate\newtemplate\debug\greensodier.obj
c:\users\16521\desktop\nmgame\newtemplate\newtemplate\debug\graphics.obj
c:\users\16521\desktop\nmgame\newtemplate\newtemplate\debug\game.obj
c:\users\16521\desktop\nmgame\newtemplate\newtemplate\debug\explode.obj
c:\users\16521\desktop\nmgame\newtemplate\newtemplate\debug\enemy.obj
c:\users\16521\desktop\nmgame\newtemplate\newtemplate\debug\eagle.obj
c:\users\16521\desktop\nmgame\newtemplate\newtemplate\debug\debug.obj
c:\users\16521\desktop\nmgame\newtemplate\newtemplate\debug\crow.obj
c:\users\16521\desktop\nmgame\newtemplate\newtemplate\debug\camera.obj
c:\users\16521\desktop\nmgame\newtemplate\newtemplate\debug\butterfly.obj
c:\users\16521\desktop\nmgame\newtemplate\newtemplate\debug\brick.obj
c:\users\16521\desktop\nmgame\newtemplate\newtemplate\debug\bossexplode.obj
c:\users\16521\desktop\nmgame\newtemplate\newtemplate\debug\bossbullet.obj
c:\users\16521\desktop\nmgame\newtemplate\newtemplate\debug\boss.obj
c:\users\16521\desktop\nmgame\newtemplate\newtemplate\debug\bazookabullet.obj
c:\users\16521\desktop\nmgame\newtemplate\newtemplate\debug\bat.obj
c:\users\16521\desktop\nmgame\newtemplate\newtemplate\debug\texture.obj
c:\users\16521\desktop\nmgame\newtemplate\newtemplate\debug\text.obj
c:\users\16521\desktop\nmgame\newtemplate\newtemplate\debug\sword.obj
c:\users\16521\desktop\nmgame\newtemplate\newtemplate\debug\stage3.obj
c:\users\16521\desktop\nmgame\newtemplate\newtemplate\debug\stage2.obj
c:\users\16521\desktop\nmgame\newtemplate\newtemplate\debug\stage1.obj
c:\users\16521\desktop\nmgame\newtemplate\newtemplate\debug\stage.obj
c:\users\16521\desktop\nmgame\newtemplate\newtemplate\debug\sprite.obj
c:\users\16521\desktop\nmgame\newtemplate\newtemplate\debug\soldier.obj
c:\users\16521\desktop\nmgame\newtemplate\newtemplate\debug\processgame.obj
c:\users\16521\desktop\nmgame\newtemplate\newtemplate\debug\object.obj
c:\users\16521\desktop\nmgame\newtemplate\newtemplate\debug\map.obj
c:\users\16521\desktop\nmgame\newtemplate\newtemplate\debug\maincharacter.obj
c:\users\16521\desktop\nmgame\newtemplate\newtemplate\debug\main.obj
c:\users\16521\desktop\nmgame\newtemplate\newtemplate\debug\ladder.obj
c:\users\16521\desktop\nmgame\newtemplate\newtemplate\debug\keygame.obj
c:\users\16521\desktop\nmgame\newtemplate\newtemplate\debug\keyboard.obj
c:\users\16521\desktop\nmgame\newtemplate\newtemplate\debug\jaguar.obj
c:\users\16521\desktop\nmgame\newtemplate\newtemplate\debug\item.obj
c:\users\16521\desktop\nmgame\newtemplate\newtemplate\debug\introstage.obj
c:\users\16521\desktop\nmgame\newtemplate\newtemplate\debug\zombiesword.obj
c:\users\16521\desktop\nmgame\newtemplate\newtemplate\debug\zombie.obj
c:\users\16521\desktop\nmgame\newtemplate\newtemplate\debug\world.obj
c:\users\16521\desktop\nmgame\newtemplate\newtemplate\debug\trace.obj
c:\users\16521\desktop\nmgame\newtemplate\debug\newtemplate.exe
c:\users\16521\desktop\nmgame\newtemplate\debug\newtemplate.ilk
c:\users\16521\desktop\nmgame\newtemplate\debug\newtemplate.pdb
c:\users\16521\desktop\nmgame\newtemplate\newtemplate\debug\newtemplate.tlog\cl.command.1.tlog
c:\users\16521\desktop\nmgame\newtemplate\newtemplate\debug\newtemplate.tlog\cl.read.1.tlog
c:\users\16521\desktop\nmgame\newtemplate\newtemplate\debug\newtemplate.tlog\cl.write.1.tlog
c:\users\16521\desktop\nmgame\newtemplate\newtemplate\debug\newtemplate.tlog\link.command.1.tlog
c:\users\16521\desktop\nmgame\newtemplate\newtemplate\debug\newtemplate.tlog\link.read.1.tlog
c:\users\16521\desktop\nmgame\newtemplate\newtemplate\debug\newtemplate.tlog\link.write.1.tlog
