Done Init Sprite sprite\RUNNING_LEFT.txt
Keyboard has been acquired successfully
Done Init Sprite sprite\STANDING_RIGHT.txt
Done Init Sprite sprite\STANDING_LEFT.txt
Done Init Sprite sprite\RUNNING_RIGHT.txt
Done Init Sprite sprite\RUNNING_LEFT.txt
Keyboard has been acquired successfully
Done Init Sprite sprite\main\MAIN_STAND.txt
Done Init Sprite sprite\main\MAIN_RUN.txt
Keyboard has been acquired successfully
Done Init Sprite sprite\main\MAIN_STAND.txt
Done Init Sprite sprite\main\MAIN_RUN.txt
Keyboard has been acquired successfully
Done Init Sprite sprite\main\MAIN_STAND.txt
Done Init Sprite sprite\main\MAIN_RUN.txt
Keyboard has been acquired successfully
Done Init Sprite sprite\main\MAIN_STAND.txt
Done Init Sprite sprite\main\MAIN_RUN.txt
Keyboard has been acquired successfully
Done Init Sprite sprite\main\MAIN_STAND.txt
Done Init Sprite sprite\main\MAIN_RUN.txt
Keyboard has been acquired successfully
Done Init Sprite sprite\main\MAIN_STAND.txt
Done Init Sprite sprite\main\MAIN_RUN.txt
Keyboard has been acquired successfully
Done Init Sprite sprite\main\MAIN_STAND.txt
Done Init Sprite sprite\main\MAIN_RUN.txt
Keyboard has been acquired successfully
Done Init Sprite sprite\main\MAIN_STAND.txt
Done Init Sprite sprite\main\MAIN_RUN.txt
Keyboard has been acquired successfully
Done Init Sprite sprite\main\MAIN_STAND.txt
Done Init Sprite sprite\main\MAIN_RUN.txt
Keyboard has been acquired successfully
Done Init Sprite sprite\main\MAIN_STAND.txt
Done Init Sprite sprite\main\MAIN_RUN.txt
Keyboard has been acquired successfully
Done Init Sprite sprite\main\MAIN_STAND.txt
Done Init Sprite sprite\main\MAIN_RUN.txt
Keyboard has been acquired successfully
Done Init Sprite sprite\main\MAIN_STAND.txt
Done Init Sprite sprite\main\MAIN_RUN.txt
Keyboard has been acquired successfully
Done Init Sprite sprite\main\MAIN_STAND.txt
Done Init Sprite sprite\main\MAIN_RUN.txt
Keyboard has been acquired successfully
Done Init Sprite sprite\main\MAIN_STAND.txt
Done Init Sprite sprite\main\MAIN_RUN.txt
Keyboard has been acquired successfully
Done Init Sprite sprite\main\MAIN_STAND.txt
Done Init Sprite sprite\main\MAIN_RUN.txt
Keyboard has been acquired successfully
Done Init Sprite sprite\main\MAIN_STAND.txt
Done Init Sprite sprite\main\MAIN_RUN.txt
Keyboard has been acquired successfully
Done Init Sprite sprite\main\MAIN_STAND.txt
Done Init Sprite sprite\main\MAIN_RUN.txt
Keyboard has been acquired successfully
Done Init Sprite sprite\main\MAIN_STAND.txt
Done Init Sprite sprite\main\MAIN_RUN.txt
Keyboard has been acquired successfully
Done Init Sprite sprite\main\MAIN_STAND.txt
Done Init Sprite sprite\main\MAIN_RUN.txt
Keyboard has been acquired successfully
Done Init Sprite sprite\main\MAIN_STAND.txt
Done Init Sprite sprite\main\MAIN_RUN.txt
Keyboard has been acquired successfully
Done Init Sprite sprite\main\MAIN_STAND.txt
Done Init Sprite sprite\main\MAIN_RUN.txt
Keyboard has been acquired successfully
Done Init Sprite sprite\main\MAIN_STAND.txt
Done Init Sprite sprite\main\MAIN_RUN.txt
Keyboard has been acquired successfully
Done Init Sprite sprite\main\MAIN_STAND.txt
Done Init Sprite sprite\main\MAIN_RUN.txt
Keyboard has been acquired successfully
Done Init Sprite sprite\main\MAIN_STAND.txt
Done Init Sprite sprite\main\MAIN_RUN.txt
Keyboard has been acquired successfully
Done Init Sprite sprite\main\MAIN_STAND.txt
Done Init Sprite sprite\main\MAIN_RUN.txt
Keyboard has been acquired successfully
Done Init Sprite sprite\main\MAIN_STAND.txt
Done Init Sprite sprite\main\MAIN_RUN.txt
Keyboard has been acquired successfully
Done Init Sprite sprite\main\MAIN_STAND.txt
Done Init Sprite sprite\main\MAIN_RUN.txt
Keyboard has been acquired successfully
Done Init Sprite sprite\main\MAIN_STAND.txt
Done Init Sprite sprite\main\MAIN_RUN.txt
Keyboard has been acquired successfully
Done Init Sprite sprite\main\MAIN_STAND.txt
Done Init Sprite sprite\main\MAIN_RUN.txt
Keyboard has been acquired successfully
Done Init Sprite sprite\main\MAIN_STAND.txt
Done Init Sprite sprite\main\MAIN_RUN.txt
Keyboard has been acquired successfully
Done Init Sprite sprite\main\MAIN_STAND.txt
Done Init Sprite sprite\main\MAIN_RUN.txt
Keyboard has been acquired successfully
Done Init Sprite sprite\main\MAIN_STAND.txt
Done Init Sprite sprite\main\MAIN_RUN.txt
Keyboard has been acquired successfully
Done Init Sprite sprite\main\MAIN_STAND.txt
Done Init Sprite sprite\main\MAIN_RUN.txt
Keyboard has been acquired successfully
Done Init Sprite sprite\main\MAIN_STAND.txt
Done Init Sprite sprite\main\MAIN_RUN.txt
Keyboard has been acquired successfully
Done Init Sprite sprite\main\MAIN_STAND.txt
Done Init Sprite sprite\main\MAIN_RUN.txt
Keyboard has been acquired successfully
Done Init Sprite sprite\main\MAIN_STAND.txt
Done Init Sprite sprite\main\MAIN_RUN.txt
Keyboard has been acquired successfully
Done Init Sprite sprite\main\MAIN_STAND.txt
Done Init Sprite sprite\main\MAIN_RUN.txt
Keyboard has been acquired successfully
Done Init Sprite sprite\main\MAIN_STAND.txt
Done Init Sprite sprite\main\MAIN_RUN.txt
Keyboard has been acquired successfully
Done Init Sprite sprite\main\MAIN_STAND.txt
Done Init Sprite sprite\main\MAIN_RUN.txt
Keyboard has been acquired successfully
Done Init Sprite sprite\main\MAIN_STAND.txt
Done Init Sprite sprite\main\MAIN_RUN.txt
Keyboard has been acquired successfully
Done Init Sprite sprite\main\MAIN_STAND.txt
Done Init Sprite sprite\main\MAIN_RUN.txt
Keyboard has been acquired successfully
Done Init Sprite sprite\main\MAIN_STAND.txt
Done Init Sprite sprite\main\MAIN_RUN.txt
Unable creating DirectInput
Done Init Sprite sprite\main\MAIN_STAND.txt
Done Init Sprite sprite\main\MAIN_RUN.txt
Keyboard has been acquired successfully
Done Init Sprite sprite\main\MAIN_STAND.txt
Done Init Sprite sprite\main\MAIN_RUN.txt
Keyboard has been acquired successfully
Done Init Sprite sprite\main\MAIN_STAND.txt
Done Init Sprite sprite\main\MAIN_RUN.txt
Keyboard has been acquired successfully
Done Init Sprite sprite\main\MAIN_STAND.txt
Done Init Sprite sprite\main\MAIN_RUN.txt
Keyboard has been acquired successfully
Done Init Sprite sprite\main\MAIN_STAND.txt
Done Init Sprite sprite\main\MAIN_RUN.txt
Keyboard has been acquired successfully
Done Init Sprite sprite\main\MAIN_STAND.txt
Done Init Sprite sprite\main\MAIN_RUN.txt
Keyboard has been acquired successfully
Done Init Sprite sprite\main\MAIN_STAND.txt
Done Init Sprite sprite\main\MAIN_RUN.txt
Keyboard has been acquired successfully
Done Init Sprite sprite\main\MAIN_STAND.txt
Done Init Sprite sprite\main\MAIN_RUN.txt
Keyboard has been acquired successfully
Done Init Sprite sprite\main\MAIN_STAND.txt
Done Init Sprite sprite\main\MAIN_RUN.txt
Keyboard has been acquired successfully
Done Init Sprite sprite\main\MAIN_STAND.txt
Done Init Sprite sprite\main\MAIN_RUN.txt
Keyboard has been acquired successfully
Done Init Sprite sprite\main\MAIN_STAND.txt
Done Init Sprite sprite\main\MAIN_RUN.txt
Keyboard has been acquired successfully
Done Init Sprite sprite\main\MAIN_STAND.txt
Done Init Sprite sprite\main\MAIN_RUN.txt
Keyboard has been acquired successfully
Done Init Sprite sprite\main\MAIN_STAND.txt
Done Init Sprite sprite\main\MAIN_RUN.txt
Keyboard has been acquired successfully
Done Init Sprite sprite\main\MAIN_STAND.txt
Done Init Sprite sprite\main\MAIN_RUN.txt
Keyboard has been acquired successfully
Done Init Sprite sprite\main\MAIN_STAND.txt
Done Init Sprite sprite\main\MAIN_RUN.txt
Keyboard has been acquired successfully
Done Init Sprite sprite\main\MAIN_STAND.txt
Done Init Sprite sprite\main\MAIN_RUN.txt
Keyboard has been acquired successfully
Done Init Sprite sprite\main\MAIN_STAND.txt
Done Init Sprite sprite\main\MAIN_RUN.txt
Keyboard has been acquired successfully
Done Init Sprite sprite\main\MAIN_STAND.txt
Done Init Sprite sprite\main\MAIN_RUN.txt
Keyboard has been acquired successfully
Done Init Sprite sprite\main\MAIN_STAND.txt
Done Init Sprite sprite\main\MAIN_RUN.txt
Keyboard has been acquired successfully
Done Init Sprite sprite\main\MAIN_STAND.txt
Done Init Sprite sprite\main\MAIN_RUN.txt
Keyboard has been acquired successfully
Done Init Sprite sprite\main\MAIN_STAND.txt
Done Init Sprite sprite\main\MAIN_RUN.txt
Keyboard has been acquired successfully
Done Init Sprite sprite\main\MAIN_STAND.txt
Done Init Sprite sprite\main\MAIN_RUN.txt
Keyboard has been acquired successfully
Done Init Sprite sprite\main\MAIN_STAND.txt
Done Init Sprite sprite\main\MAIN_RUN.txt
Keyboard has been acquired successfully
Done Init Sprite sprite\main\MAIN_STAND.txt
Done Init Sprite sprite\main\MAIN_RUN.txt
Keyboard has been acquired successfully
Done Init Sprite sprite\main\MAIN_STAND.txt
Done Init Sprite sprite\main\MAIN_RUN.txt
Keyboard has been acquired successfully
Done Init Sprite sprite\main\MAIN_STAND.txt
Done Init Sprite sprite\main\MAIN_RUN.txt
