  Grid.cpp
c:\users\user\desktop\templategame\templategame\gamedefine.h(20): warning C4005: 'KEY_DOWN': macro redefinition
  c:\users\user\desktop\templategame\templategame\gamedefine.h(19): note: see previous definition of 'KEY_DOWN'
c:\users\user\desktop\templategame\templategame\grid.cpp(64): warning C4244: 'initializing': conversion from 'float' to 'int', possible loss of data
c:\users\user\desktop\templategame\templategame\grid.cpp(65): warning C4244: 'initializing': conversion from 'float' to 'int', possible loss of data
c:\users\user\desktop\templategame\templategame\grid.cpp(67): warning C4244: 'initializing': conversion from 'float' to 'int', possible loss of data
c:\users\user\desktop\templategame\templategame\grid.cpp(68): warning C4244: 'initializing': conversion from 'float' to 'int', possible loss of data
c:\users\user\desktop\templategame\templategame\grid.cpp(105): warning C4244: 'initializing': conversion from 'float' to 'int', possible loss of data
c:\users\user\desktop\templategame\templategame\grid.cpp(106): warning C4244: 'initializing': conversion from 'float' to 'int', possible loss of data
DeviceManager.obj : error LNK2019: unresolved external symbol Direct3DCreate9 referenced in function "public: __cdecl DeviceManager::DeviceManager(class DXGraphics *)" (??0DeviceManager@@QEAA@PEAVDXGraphics@@@Z)
Input.obj : error LNK2019: unresolved external symbol DirectInput8Create referenced in function "public: __cdecl Input::Input(struct HINSTANCE__ *,struct HWND__ *)" (??0Input@@QEAA@PEAUHINSTANCE__@@PEAUHWND__@@@Z)
Input.obj : error LNK2001: unresolved external symbol IID_IDirectInput8W
Input.obj : error LNK2001: unresolved external symbol GUID_SysKeyboard
Input.obj : error LNK2001: unresolved external symbol c_dfDIKeyboard
utils.obj : error LNK2019: unresolved external symbol D3DXGetImageInfoFromFileW referenced in function "struct IDirect3DSurface9 * __cdecl CreateSurfaceFromFile(struct IDirect3DDevice9 *,wchar_t const *)" (?CreateSurfaceFromFile@@YAPEAUIDirect3DSurface9@@PEAUIDirect3DDevice9@@PEB_W@Z)
utils.obj : error LNK2019: unresolved external symbol D3DXLoadSurfaceFromFileW referenced in function "struct IDirect3DSurface9 * __cdecl CreateSurfaceFromFile(struct IDirect3DDevice9 *,wchar_t const *)" (?CreateSurfaceFromFile@@YAPEAUIDirect3DSurface9@@PEAUIDirect3DDevice9@@PEB_W@Z)
C:\Program Files (x86)\Microsoft DirectX SDK (June 2010)\Lib\x86\d3dx9.lib : warning LNK4272: library machine type 'x86' conflicts with target machine type 'x64'
C:\Program Files (x86)\Microsoft DirectX SDK (June 2010)\Lib\x86\d3d9.lib : warning LNK4272: library machine type 'x86' conflicts with target machine type 'x64'
C:\Program Files (x86)\Microsoft DirectX SDK (June 2010)\Lib\x86\d3dcompiler.lib : warning LNK4272: library machine type 'x86' conflicts with target machine type 'x64'
C:\Program Files (x86)\Microsoft DirectX SDK (June 2010)\Lib\x86\dinput8.lib : warning LNK4272: library machine type 'x86' conflicts with target machine type 'x64'
C:\Program Files (x86)\Microsoft DirectX SDK (June 2010)\Lib\x86\dxguid.lib : warning LNK4272: library machine type 'x86' conflicts with target machine type 'x64'
C:\Program Files (x86)\Microsoft DirectX SDK (June 2010)\Lib\x86\dxerr.lib : warning LNK4272: library machine type 'x86' conflicts with target machine type 'x64'
C:\Program Files (x86)\Microsoft DirectX SDK (June 2010)\Lib\x86\dsound.lib : warning LNK4272: library machine type 'x86' conflicts with target machine type 'x64'
C:\Users\User\Desktop\TemplateGame\x64\Debug\TemplateGame.exe : fatal error LNK1120: 7 unresolved externals
